Arguments: 
  C:\Program Files\nodejs\node.exe C:\Users\Prueba\AppData\Roaming\npm\node_modules\yarn\bin\yarn.js install

PATH: 
  C:\Users\Prueba\bin;C:\Program Files\Git\mingw64\bin;C:\Program Files\Git\usr\local\bin;C:\Program Files\Git\usr\bin;C:\Program Files\Git\usr\bin;C:\Program Files\Git\mingw64\bin;C:\Program Files\Git\usr\bin;C:\Users\Prueba\bin;C:\Windows\system32;C:\Windows;C:\Windows\System32\Wbem;C:\Windows\System32\WindowsPowerShell\v1.0;C:\Windows\System32\OpenSSH;C:\Program Files\dotnet;C:\Program Files\Microsoft SQL Server\130\Tools\Binn;C:\Program Files\Microsoft SQL Server\Client SDK\ODBC\170\Tools\Binn;C:\Program Files\Docker\Docker\resources\bin;C:\ProgramData\DockerDesktop\version-bin;C:\Program Files\Git\cmd;C:\Program Files (x86)\Microsoft SQL Server\150\DTS\Binn;C:\Program Files\TortoiseGit\bin;C:\xampp\php;C:\composer;C:\Program Files (x86)\Microsoft SQL Server\150\Tools\Binn;C:\Program Files\Microsoft SQL Server\150\Tools\Binn;C:\Program Files\Microsoft SQL Server\150\DTS\Binn;C:\Program Files\nodejs;C:\Users\Prueba\AppData\Local\Programs\Python\Python310\Scripts;C:\Users\Prueba\AppData\Local\Programs\Python\Python310;C:\Users\Prueba\AppData\Local\Microsoft\WindowsApps;C:\Users\Prueba\.dotnet\tools;C:\Users\Prueba\AppData\Local\Programs\Microsoft VS Code\bin;C:\Users\Prueba\AppData\Local\GitHubDesktop\bin;C:\Users\Prueba\AppData\Roaming\Composer\vendor\bin;C:\Users\Prueba\AppData\Roaming\npm;C:\Program Files\Git\usr\bin\vendor_perl;C:\Program Files\Git\usr\bin\core_perl

Yarn version: 
  1.22.19

Node version: 
  17.8.0

Platform: 
  win32 x64

Trace: 
  Error: connect ECONNABORTED 104.16.23.35:443
      at TCPConnectWrap.afterConnect [as oncomplete] (node:net:1187:16)

npm manifest: 
  {
  	"name": "svelteapp",
  	"version": "0.0.1",
  	"scripts": {
  		"dev": "svelte-kit dev",
  		"build": "svelte-kit build",
  		"package": "svelte-kit package",
  		"preview": "svelte-kit preview",
  		"prepare": "svelte-kit sync",
  		"lint": "eslint ."
  	},
  	"devDependencies": {
  		"@sveltejs/adapter-auto": "next",
  		"@sveltejs/kit": "next",
  		"eslint": "^8.16.0",
  		"eslint-plugin-svelte3": "^4.0.0",
  		"svelte": "^3.46.0"
  	},
  	"type": "module",
  	"dependencies": {
  		"@fontsource/fira-mono": "^4.5.0",
  		"cookie": "^0.4.1"
  	}
  }

yarn manifest: 
  No manifest

Lockfile: 
  No lockfile
